2024-08-30 21:09:30.029 INFO  com.springboot.wiki.wiki.WikiApplication          :50   [32m                  [0;39m Starting WikiApplication using Java 21.0.1 with PID 3910 (/Users/brucepan/IdeaProjects/wiki/target/classes started by brucepan in /Users/brucepan/IdeaProjects/wiki)
2024-08-30 21:09:30.030 INFO  com.springboot.wiki.wiki.WikiApplication          :654  [32m                  [0;39m No active profile set, falling back to 1 default profile: "default"
2024-08-30 21:09:30.371 INFO  o.s.boot.web.embedded.tomcat.TomcatWebServer      :111  [32m                  [0;39m Tomcat initialized with port 8080 (http)
2024-08-30 21:09:30.376 INFO  org.apache.coyote.http11.Http11NioProtocol        :173  [32m                  [0;39m Initializing ProtocolHandler ["http-nio-8080"]
2024-08-30 21:09:30.377 INFO  org.apache.catalina.core.StandardService          :173  [32m                  [0;39m Starting service [Tomcat]
2024-08-30 21:09:30.378 INFO  org.apache.catalina.core.StandardEngine           :173  [32m                  [0;39m Starting Servlet engine: [Apache Tomcat/10.1.28]
2024-08-30 21:09:30.396 INFO  o.a.c.core.ContainerBase.[Tomcat].[localhost].[/] :173  [32m                  [0;39m Initializing Spring embedded WebApplicationContext
2024-08-30 21:09:30.396 INFO  o.s.b.w.s.c.ServletWebServerApplicationContext    :296  [32m                  [0;39m Root WebApplicationContext: initialization completed in 351 ms
2024-08-30 21:09:30.520 INFO  org.apache.coyote.http11.Http11NioProtocol        :173  [32m                  [0;39m Starting ProtocolHandler ["http-nio-8080"]
2024-08-30 21:09:30.530 INFO  o.s.boot.web.embedded.tomcat.TomcatWebServer      :243  [32m                  [0;39m Tomcat started on port 8080 (http) with context path '/'
2024-08-30 21:09:30.534 INFO  com.springboot.wiki.wiki.WikiApplication          :56   [32m                  [0;39m Started WikiApplication in 0.722 seconds (process running for 1.005)
2024-08-30 21:16:37.921 INFO  com.springboot.wiki.wiki.WikiApplication          :50   [32m                  [0;39m Starting WikiApplication using Java 21.0.1 with PID 3982 (/Users/brucepan/IdeaProjects/wiki/target/classes started by brucepan in /Users/brucepan/IdeaProjects/wiki)
2024-08-30 21:16:37.922 INFO  com.springboot.wiki.wiki.WikiApplication          :654  [32m                  [0;39m No active profile set, falling back to 1 default profile: "default"
2024-08-30 21:16:38.247 INFO  o.s.boot.web.embedded.tomcat.TomcatWebServer      :111  [32m                  [0;39m Tomcat initialized with port 8080 (http)
2024-08-30 21:16:38.252 INFO  org.apache.coyote.http11.Http11NioProtocol        :173  [32m                  [0;39m Initializing ProtocolHandler ["http-nio-8080"]
2024-08-30 21:16:38.254 INFO  org.apache.catalina.core.StandardService          :173  [32m                  [0;39m Starting service [Tomcat]
2024-08-30 21:16:38.254 INFO  org.apache.catalina.core.StandardEngine           :173  [32m                  [0;39m Starting Servlet engine: [Apache Tomcat/10.1.28]
2024-08-30 21:16:38.273 INFO  o.a.c.core.ContainerBase.[Tomcat].[localhost].[/] :173  [32m                  [0;39m Initializing Spring embedded WebApplicationContext
2024-08-30 21:16:38.273 INFO  o.s.b.w.s.c.ServletWebServerApplicationContext    :296  [32m                  [0;39m Root WebApplicationContext: initialization completed in 337 ms
2024-08-30 21:16:38.402 INFO  org.apache.coyote.http11.Http11NioProtocol        :173  [32m                  [0;39m Starting ProtocolHandler ["http-nio-8080"]
2024-08-30 21:16:38.412 INFO  o.s.boot.web.embedded.tomcat.TomcatWebServer      :243  [32m                  [0;39m Tomcat started on port 8080 (http) with context path '/'
2024-08-30 21:16:38.416 INFO  com.springboot.wiki.wiki.WikiApplication          :56   [32m                  [0;39m Started WikiApplication in 0.694 seconds (process running for 0.939)
2024-08-30 21:19:09.616 INFO  com.springboot.wiki.wiki.WikiApplication          :50   [32m                  [0;39m Starting WikiApplication using Java 21.0.1 with PID 4004 (/Users/brucepan/IdeaProjects/wiki/target/classes started by brucepan in /Users/brucepan/IdeaProjects/wiki)
2024-08-30 21:19:09.617 INFO  com.springboot.wiki.wiki.WikiApplication          :654  [32m                  [0;39m No active profile set, falling back to 1 default profile: "default"
2024-08-30 21:19:09.960 INFO  o.s.boot.web.embedded.tomcat.TomcatWebServer      :111  [32m                  [0;39m Tomcat initialized with port 8080 (http)
2024-08-30 21:19:09.966 INFO  org.apache.coyote.http11.Http11NioProtocol        :173  [32m                  [0;39m Initializing ProtocolHandler ["http-nio-8080"]
2024-08-30 21:19:09.968 INFO  org.apache.catalina.core.StandardService          :173  [32m                  [0;39m Starting service [Tomcat]
2024-08-30 21:19:09.968 INFO  org.apache.catalina.core.StandardEngine           :173  [32m                  [0;39m Starting Servlet engine: [Apache Tomcat/10.1.28]
2024-08-30 21:19:09.989 INFO  o.a.c.core.ContainerBase.[Tomcat].[localhost].[/] :173  [32m                  [0;39m Initializing Spring embedded WebApplicationContext
2024-08-30 21:19:09.990 INFO  o.s.b.w.s.c.ServletWebServerApplicationContext    :296  [32m                  [0;39m Root WebApplicationContext: initialization completed in 357 ms
2024-08-30 21:19:10.134 INFO  org.apache.coyote.http11.Http11NioProtocol        :173  [32m                  [0;39m Starting ProtocolHandler ["http-nio-8080"]
2024-08-30 21:19:10.145 INFO  o.s.boot.web.embedded.tomcat.TomcatWebServer      :243  [32m                  [0;39m Tomcat started on port 8080 (http) with context path '/'
2024-08-30 21:19:10.149 INFO  com.springboot.wiki.wiki.WikiApplication          :56   [32m                  [0;39m Started WikiApplication in 0.729 seconds (process running for 0.974)
